<?xml version="1.0" encoding="UTF-8"?>
<testsuite name="testPostman" tests="1" skipped="0" failures="0" errors="0" timestamp="2023-05-27T11:49:17" hostname="LAPTOP-U9AMCRRJ" time="11.735">
  <properties/>
  <testcase name="shouldReturnPostman()" classname="testPostman" time="11.735"/>
  <system-out><![CDATA[]]></system-out>
  <system-err><![CDATA[]]></system-err>
</testsuite>
